<?xml version="1.0" encoding="UTF-8"?>
<!-- Generated by org.testng.reporters.JUnitReportReporter -->
<testsuite hostname="DESKTOP-O7S1KJB" failures="0" tests="1" name="Sample.Annotation1" time="0.017" errors="0" timestamp="2023-06-20T15:38:46 IST" skipped="0">
  <testcase classname="Sample.Annotation1" name="test1" time="0.017"/>
  <system-out/>
</testsuite> <!-- Sample.Annotation1 -->
